<?xml version="1.0" encoding="UTF-8"?>
<!-- Generated by org.testng.reporters.JUnitXMLReporter -->
<testsuite ignored="0" hostname="LAPTOP-7BE37QG3" failures="2" tests="6" name="iNetBanking" time="257.353" errors="0" timestamp="2020-05-11T01:56:30 IST">
  <testcase classname="com.iNetBanking.testCases.TC_LoginTest_001" name="loginTest" time="10.884"/>
  <testcase classname="com.iNetBanking.testCases.TC_LoginDDT_002" name="loginDDT" time="26.108"/>
  <testcase classname="com.iNetBanking.testCases.TC_LoginDDT_002" name="loginDDT" time="9.029">
    <failure type="java.lang.AssertionError" message="did not expect to find [true] but found [false]">
      <![CDATA[java.lang.AssertionError: did not expect to find [true] but found [false]
at com.iNetBanking.testCases.TC_LoginDDT_002.loginDDT(TC_LoginDDT_002.java:33)
at java.base/java.util.ArrayList.forEach(ArrayList.java:1540)
... Removed 31 stack frames]]>
    </failure>
  </testcase> <!-- loginDDT -->
  <testcase classname="com.iNetBanking.testCases.TC_LoginDDT_002" name="loginDDT" time="17.389"/>
  <testcase classname="com.iNetBanking.testCases.TC_LoginDDT_002" name="loginDDT" time="10.082">
    <failure type="java.lang.AssertionError" message="did not expect to find [true] but found [false]">
      <![CDATA[java.lang.AssertionError: did not expect to find [true] but found [false]
at com.iNetBanking.testCases.TC_LoginDDT_002.loginDDT(TC_LoginDDT_002.java:33)
at java.base/java.util.ArrayList.forEach(ArrayList.java:1540)
... Removed 31 stack frames]]>
    </failure>
  </testcase> <!-- loginDDT -->
  <testcase classname="com.iNetBanking.testCases.TC_AddCUstomerTest_003" name="addNewCustomer" time="96.634"/>
</testsuite> <!-- iNetBanking -->
