<?xml version="1.0" encoding="UTF-8"?>
<testng-results ignored="0" total="1" passed="1" failed="0" skipped="0">
  <reporter-output>
  </reporter-output>
  <suite started-at="2020-05-14T01:01:58 IST" name="iNetBanking" finished-at="2020-05-14T01:03:00 IST" duration-ms="62399">
    <groups>
    </groups>
    <test started-at="2020-05-14T01:01:58 IST" name="iNetBanking" finished-at="2020-05-14T01:03:00 IST" duration-ms="62399">
      <class name="com.iNetBanking.testCases.TC_LoginTest_001">
        <test-method is-config="true" signature="setUp(java.lang.String)[pri:0, instance:com.iNetBanking.testCases.TC_LoginTest_001@75f9eccc]" started-at="2020-05-14T01:01:58 IST" name="setUp" finished-at="2020-05-14T01:02:49 IST" duration-ms="50733" status="PASS">
          <params>
            <param index="0">
              <value>
                <![CDATA[chrome]]>
              </value>
            </param>
          </params>
          <reporter-output>
          </reporter-output>
        </test-method> <!-- setUp -->
        <test-method signature="loginTest()[pri:0, instance:com.iNetBanking.testCases.TC_LoginTest_001@75f9eccc]" started-at="2020-05-14T01:02:49 IST" name="loginTest" finished-at="2020-05-14T01:02:58 IST" duration-ms="8867" status="PASS">
          <reporter-output>
          </reporter-output>
        </test-method> <!-- loginTest -->
        <test-method is-config="true" signature="tearDown()[pri:0, instance:com.iNetBanking.testCases.TC_LoginTest_001@75f9eccc]" started-at="2020-05-14T01:02:58 IST" name="tearDown" finished-at="2020-05-14T01:03:00 IST" duration-ms="1982" status="PASS">
          <reporter-output>
          </reporter-output>
        </test-method> <!-- tearDown -->
      </class> <!-- com.iNetBanking.testCases.TC_LoginTest_001 -->
    </test> <!-- iNetBanking -->
  </suite> <!-- iNetBanking -->
</testng-results>
