<?xml version="1.0" encoding="UTF-8"?>
<testng-results ignored="0" total="1" passed="1" failed="0" skipped="0">
  <reporter-output>
  </reporter-output>
  <suite started-at="2020-05-13T22:10:49 IST" name="iNetBanking" finished-at="2020-05-13T22:11:27 IST" duration-ms="38563">
    <groups>
    </groups>
    <test started-at="2020-05-13T22:10:49 IST" name="iNetBanking" finished-at="2020-05-13T22:11:27 IST" duration-ms="38563">
      <class name="com.iNetBanking.testCases.TC_LoginTest_001">
        <test-method is-config="true" signature="setUp(java.lang.String)[pri:0, instance:com.iNetBanking.testCases.TC_LoginTest_001@3b07a0d6]" started-at="2020-05-13T22:10:49 IST" name="setUp" finished-at="2020-05-13T22:11:13 IST" duration-ms="23997" status="PASS">
          <params>
            <param index="0">
              <value>
                <![CDATA[chrome]]>
              </value>
            </param>
          </params>
          <reporter-output>
          </reporter-output>
        </test-method> <!-- setUp -->
        <test-method signature="loginTest()[pri:0, instance:com.iNetBanking.testCases.TC_LoginTest_001@3b07a0d6]" started-at="2020-05-13T22:11:13 IST" name="loginTest" finished-at="2020-05-13T22:11:26 IST" duration-ms="12735" status="PASS">
          <reporter-output>
          </reporter-output>
        </test-method> <!-- loginTest -->
        <test-method is-config="true" signature="tearDown()[pri:0, instance:com.iNetBanking.testCases.TC_LoginTest_001@3b07a0d6]" started-at="2020-05-13T22:11:26 IST" name="tearDown" finished-at="2020-05-13T22:11:27 IST" duration-ms="1004" status="PASS">
          <reporter-output>
          </reporter-output>
        </test-method> <!-- tearDown -->
      </class> <!-- com.iNetBanking.testCases.TC_LoginTest_001 -->
    </test> <!-- iNetBanking -->
  </suite> <!-- iNetBanking -->
</testng-results>
